<?xml version="1.0" encoding="UTF-8"?>
<coverage generated="1728393774843" clover="3.2.0">
  <project timestamp="1728393774843" name="All files">
    <metrics statements="110" coveredstatements="89" conditionals="28" coveredconditionals="15" methods="17" coveredmethods="12" elements="155" coveredelements="116" complexity="0" loc="110" ncloc="110" packages="6" files="10" classes="10"/>
    <package name="src">
      <metrics statements="29" coveredstatements="29" conditionals="4" coveredconditionals="3" methods="2" coveredmethods="2"/>
      <file name="config.ts" path="C:\Users\sulta\OneDrive\Masaüstü\Portfolio-projects\e-commerce-api\src\config.ts">
        <metrics statements="2" coveredstatements="2" conditionals="2" coveredconditionals="1" methods="0" coveredmethods="0"/>
        <line num="1" count="1" type="stmt"/>
        <line num="8" count="1" type="stmt"/>
      </file>
      <file name="index.ts" path="C:\Users\sulta\OneDrive\Masaüstü\Portfolio-projects\e-commerce-api\src\index.ts">
        <metrics statements="27" coveredstatements="27" conditionals="2" coveredconditionals="2" methods="2" coveredmethods="2"/>
        <line num="1" count="1" type="stmt"/>
        <line num="2" count="1" type="stmt"/>
        <line num="3" count="1" type="stmt"/>
        <line num="4" count="1" type="stmt"/>
        <line num="5" count="1" type="stmt"/>
        <line num="6" count="1" type="stmt"/>
        <line num="7" count="1" type="stmt"/>
        <line num="8" count="1" type="stmt"/>
        <line num="9" count="1" type="stmt"/>
        <line num="10" count="1" type="stmt"/>
        <line num="11" count="1" type="stmt"/>
        <line num="12" count="1" type="stmt"/>
        <line num="13" count="1" type="stmt"/>
        <line num="14" count="1" type="stmt"/>
        <line num="16" count="1" type="stmt"/>
        <line num="21" count="1" type="stmt"/>
        <line num="22" count="1" type="stmt"/>
        <line num="24" count="1" type="stmt"/>
        <line num="42" count="1" type="stmt"/>
        <line num="43" count="1" type="stmt"/>
        <line num="44" count="1" type="stmt"/>
        <line num="47" count="1" type="stmt"/>
        <line num="49" count="1" type="stmt"/>
        <line num="50" count="1" type="stmt"/>
        <line num="51" count="1" type="stmt"/>
        <line num="54" count="1" type="stmt"/>
        <line num="55" count="1" type="cond" truecount="2" falsecount="0"/>
      </file>
    </package>
    <package name="src.controllers">
      <metrics statements="34" coveredstatements="17" conditionals="9" coveredconditionals="0" methods="4" coveredmethods="0"/>
      <file name="main.ts" path="C:\Users\sulta\OneDrive\Masaüstü\Portfolio-projects\e-commerce-api\src\controllers\main.ts">
        <metrics statements="6" coveredstatements="5" conditionals="0" coveredconditionals="0" methods="1" coveredmethods="0"/>
        <line num="2" count="1" type="stmt"/>
        <line num="3" count="1" type="stmt"/>
        <line num="6" count="1" type="stmt"/>
        <line num="8" count="1" type="stmt"/>
        <line num="9" count="0" type="stmt"/>
        <line num="13" count="1" type="stmt"/>
      </file>
      <file name="user.ts" path="C:\Users\sulta\OneDrive\Masaüstü\Portfolio-projects\e-commerce-api\src\controllers\user.ts">
        <metrics statements="28" coveredstatements="12" conditionals="9" coveredconditionals="0" methods="3" coveredmethods="0"/>
        <line num="2" count="1" type="stmt"/>
        <line num="3" count="1" type="stmt"/>
        <line num="4" count="1" type="stmt"/>
        <line num="5" count="1" type="stmt"/>
        <line num="6" count="1" type="stmt"/>
        <line num="7" count="1" type="stmt"/>
        <line num="12" count="1" type="stmt"/>
        <line num="18" count="1" type="stmt"/>
        <line num="21" count="1" type="stmt"/>
        <line num="22" count="0" type="stmt"/>
        <line num="23" count="0" type="stmt"/>
        <line num="24" count="0" type="stmt"/>
        <line num="25" count="0" type="stmt"/>
        <line num="34" count="0" type="stmt"/>
        <line num="39" count="0" type="stmt"/>
        <line num="47" count="1" type="stmt"/>
        <line num="48" count="0" type="stmt"/>
        <line num="49" count="0" type="stmt"/>
        <line num="50" count="0" type="stmt"/>
        <line num="55" count="0" type="cond" truecount="0" falsecount="4"/>
        <line num="56" count="0" type="cond" truecount="0" falsecount="1"/>
        <line num="57" count="0" type="stmt"/>
        <line num="59" count="0" type="cond" truecount="0" falsecount="4"/>
        <line num="60" count="0" type="stmt"/>
        <line num="64" count="0" type="stmt"/>
        <line num="71" count="1" type="stmt"/>
        <line num="72" count="0" type="stmt"/>
        <line num="76" count="1" type="stmt"/>
      </file>
    </package>
    <package name="src.decorator">
      <metrics statements="20" coveredstatements="16" conditionals="9" coveredconditionals="7" methods="7" coveredmethods="6"/>
      <file name="controller.ts" path="C:\Users\sulta\OneDrive\Masaüstü\Portfolio-projects\e-commerce-api\src\decorator\controller.ts">
        <metrics statements="3" coveredstatements="3" conditionals="1" coveredconditionals="1" methods="2" coveredmethods="2"/>
        <line num="1" count="1" type="cond" truecount="1" falsecount="0"/>
        <line num="2" count="2" type="stmt"/>
        <line num="3" count="2" type="stmt"/>
      </file>
      <file name="route.ts" path="C:\Users\sulta\OneDrive\Masaüstü\Portfolio-projects\e-commerce-api\src\decorator\route.ts">
        <metrics statements="8" coveredstatements="8" conditionals="8" coveredconditionals="6" methods="2" coveredmethods="2"/>
        <line num="4" count="1" type="stmt"/>
        <line num="9" count="4" type="stmt"/>
        <line num="10" count="4" type="stmt"/>
        <line num="12" count="4" type="cond" truecount="2" falsecount="0"/>
        <line num="13" count="4" type="cond" truecount="1" falsecount="0"/>
        <line num="14" count="3" type="stmt"/>
        <line num="16" count="4" type="cond" truecount="3" falsecount="1"/>
        <line num="20" count="4" type="stmt"/>
      </file>
      <file name="validate.ts" path="C:\Users\sulta\OneDrive\Masaüstü\Portfolio-projects\e-commerce-api\src\decorator\validate.ts">
        <metrics statements="9" coveredstatements="5" conditionals="0" coveredconditionals="0" methods="3" coveredmethods="2"/>
        <line num="4" count="1" type="stmt"/>
        <line num="5" count="2" type="stmt"/>
        <line num="10" count="2" type="stmt"/>
        <line num="11" count="2" type="stmt"/>
        <line num="16" count="0" type="stmt"/>
        <line num="17" count="0" type="stmt"/>
        <line num="19" count="0" type="stmt"/>
        <line num="21" count="0" type="stmt"/>
        <line num="23" count="2" type="stmt"/>
      </file>
    </package>
    <package name="src.lib">
      <metrics statements="4" coveredstatements="4" conditionals="3" coveredconditionals="2" methods="0" coveredmethods="0"/>
      <file name="prismaClients.ts" path="C:\Users\sulta\OneDrive\Masaüstü\Portfolio-projects\e-commerce-api\src\lib\prismaClients.ts">
        <metrics statements="4" coveredstatements="4" conditionals="3" coveredconditionals="2" methods="0" coveredmethods="0"/>
        <line num="1" count="1" type="stmt"/>
        <line num="9" count="1" type="cond" truecount="2" falsecount="0"/>
        <line num="11" count="1" type="cond" truecount="0" falsecount="1"/>
        <line num="13" count="1" type="stmt"/>
      </file>
    </package>
    <package name="src.middlewares">
      <metrics statements="8" coveredstatements="8" conditionals="1" coveredconditionals="1" methods="1" coveredmethods="1"/>
      <file name="corsHandler.ts" path="C:\Users\sulta\OneDrive\Masaüstü\Portfolio-projects\e-commerce-api\src\middlewares\corsHandler.ts">
        <metrics statements="8" coveredstatements="8" conditionals="1" coveredconditionals="1" methods="1" coveredmethods="1"/>
        <line num="4" count="1" type="stmt"/>
        <line num="5" count="1" type="stmt"/>
        <line num="9" count="1" type="stmt"/>
        <line num="11" count="1" type="cond" truecount="1" falsecount="0"/>
        <line num="12" count="1" type="stmt"/>
        <line num="13" count="1" type="stmt"/>
        <line num="16" count="1" type="stmt"/>
        <line num="19" count="1" type="stmt"/>
      </file>
    </package>
    <package name="src.modules">
      <metrics statements="15" coveredstatements="15" conditionals="2" coveredconditionals="2" methods="3" coveredmethods="3"/>
      <file name="routes.ts" path="C:\Users\sulta\OneDrive\Masaüstü\Portfolio-projects\e-commerce-api\src\modules\routes.ts">
        <metrics statements="15" coveredstatements="15" conditionals="2" coveredconditionals="2" methods="3" coveredmethods="3"/>
        <line num="4" count="1" type="stmt"/>
        <line num="5" count="1" type="stmt"/>
        <line num="6" count="2" type="stmt"/>
        <line num="8" count="2" type="stmt"/>
        <line num="12" count="2" type="stmt"/>
        <line num="16" count="2" type="stmt"/>
        <line num="17" count="2" type="stmt"/>
        <line num="18" count="3" type="stmt"/>
        <line num="19" count="3" type="cond" truecount="1" falsecount="0"/>
        <line num="20" count="3" type="stmt"/>
        <line num="21" count="3" type="stmt"/>
        <line num="22" count="4" type="stmt"/>
        <line num="23" count="4" type="cond" truecount="1" falsecount="0"/>
        <line num="24" count="4" type="stmt"/>
        <line num="25" count="4" type="stmt"/>
      </file>
    </package>
  </project>
</coverage>
