{"C:\\Users\\sulta\\OneDrive\\Masaüstü\\Portfolio-projects\\e-commerce-api\\src\\config.ts": {"path":"C:\\Users\\sulta\\OneDrive\\Masaüstü\\Portfolio-projects\\e-commerce-api\\src\\config.ts","statementMap":{"0":{"start":{"line":1,"column":15},"end":{"line":6,"column":2}},"1":{"start":{"line":8,"column":0},"end":{"line":8,"column":22}}},"fnMap":{},"branchMap":{"0":{"loc":{"start":{"line":4,"column":8},"end":{"line":4,"column":32}},"type":"binary-expr","locations":[{"start":{"line":4,"column":8},"end":{"line":4,"column":24}},{"start":{"line":4,"column":28},"end":{"line":4,"column":32}}]}},"s":{"0":1,"1":1},"f":{},"b":{"0":[1,0]}}
,"C:\\Users\\sulta\\OneDrive\\Masaüstü\\Portfolio-projects\\e-commerce-api\\src\\index.ts": {"path":"C:\\Users\\sulta\\OneDrive\\Masaüstü\\Portfolio-projects\\e-commerce-api\\src\\index.ts","statementMap":{"0":{"start":{"line":1,"column":0},"end":{"line":1,"column":24}},"1":{"start":{"line":2,"column":0},"end":{"line":2,"column":30}},"2":{"start":{"line":3,"column":0},"end":{"line":3,"column":28}},"3":{"start":{"line":4,"column":0},"end":{"line":4,"column":16}},"4":{"start":{"line":5,"column":0},"end":{"line":5,"column":30}},"5":{"start":{"line":6,"column":0},"end":{"line":6,"column":38}},"6":{"start":{"line":7,"column":0},"end":{"line":7,"column":46}},"7":{"start":{"line":8,"column":0},"end":{"line":8,"column":66}},"8":{"start":{"line":9,"column":0},"end":{"line":9,"column":32}},"9":{"start":{"line":10,"column":0},"end":{"line":10,"column":52}},"10":{"start":{"line":12,"column":13},"end":{"line":12,"column":29}},"11":{"start":{"line":16,"column":0},"end":{"line":16,"column":48}},"12":{"start":{"line":17,"column":0},"end":{"line":17,"column":24}},"13":{"start":{"line":19,"column":0},"end":{"line":36,"column":2}},"14":{"start":{"line":37,"column":0},"end":{"line":37,"column":31}},"15":{"start":{"line":38,"column":0},"end":{"line":38,"column":28}},"16":{"start":{"line":39,"column":0},"end":{"line":39,"column":21}},"17":{"start":{"line":40,"column":0},"end":{"line":44,"column":3}},"18":{"start":{"line":41,"column":2},"end":{"line":43,"column":5}},"19":{"start":{"line":46,"column":0},"end":{"line":46,"column":36}},"20":{"start":{"line":47,"column":0},"end":{"line":49,"column":3}},"21":{"start":{"line":48,"column":2},"end":{"line":48,"column":55}},"22":{"start":{"line":51,"column":24},"end":{"line":52,"column":42}},"23":{"start":{"line":52,"column":2},"end":{"line":52,"column":42}},"24":{"start":{"line":51,"column":13},"end":{"line":51,"column":24}}},"fnMap":{"0":{"name":"(anonymous_1)","decl":{"start":{"line":40,"column":13},"end":{"line":40,"column":14}},"loc":{"start":{"line":40,"column":26},"end":{"line":44,"column":1}}},"1":{"name":"(anonymous_2)","decl":{"start":{"line":47,"column":31},"end":{"line":47,"column":34}},"loc":{"start":{"line":47,"column":36},"end":{"line":49,"column":1}}},"2":{"name":"(anonymous_3)","decl":{"start":{"line":51,"column":24},"end":{"line":51,"column":25}},"loc":{"start":{"line":52,"column":2},"end":{"line":52,"column":42}}}},"branchMap":{"0":{"loc":{"start":{"line":52,"column":2},"end":{"line":52,"column":42}},"type":"binary-expr","locations":[{"start":{"line":52,"column":2},"end":{"line":52,"column":12}},{"start":{"line":52,"column":16},"end":{"line":52,"column":42}}]}},"s":{"0":1,"1":1,"2":1,"3":1,"4":1,"5":1,"6":1,"7":1,"8":1,"9":1,"10":1,"11":1,"12":1,"13":1,"14":1,"15":1,"16":1,"17":1,"18":0,"19":1,"20":1,"21":1,"22":1,"23":1,"24":1},"f":{"0":0,"1":1,"2":1},"b":{"0":[1,1]}}
,"C:\\Users\\sulta\\OneDrive\\Masaüstü\\Portfolio-projects\\e-commerce-api\\src\\middlewares\\corsHandler.ts": {"path":"C:\\Users\\sulta\\OneDrive\\Masaüstü\\Portfolio-projects\\e-commerce-api\\src\\middlewares\\corsHandler.ts","statementMap":{"0":{"start":{"line":4,"column":2},"end":{"line":4,"column":60}},"1":{"start":{"line":5,"column":2},"end":{"line":8,"column":4}},"2":{"start":{"line":9,"column":2},"end":{"line":9,"column":57}},"3":{"start":{"line":11,"column":2},"end":{"line":14,"column":3}},"4":{"start":{"line":12,"column":4},"end":{"line":12,"column":79}},"5":{"start":{"line":13,"column":4},"end":{"line":13,"column":29}},"6":{"start":{"line":16,"column":2},"end":{"line":16,"column":9}},"7":{"start":{"line":19,"column":0},"end":{"line":19,"column":27}}},"fnMap":{"0":{"name":"corsHandler","decl":{"start":{"line":3,"column":9},"end":{"line":3,"column":20}},"loc":{"start":{"line":3,"column":68},"end":{"line":17,"column":1}}}},"branchMap":{"0":{"loc":{"start":{"line":11,"column":2},"end":{"line":14,"column":3}},"type":"if","locations":[{"start":{"line":11,"column":2},"end":{"line":14,"column":3}}]}},"s":{"0":1,"1":1,"2":1,"3":1,"4":1,"5":1,"6":1,"7":1},"f":{"0":1},"b":{"0":[1]}}
}
