TN:
SF:src\config.ts
FNF:0
FNH:0
DA:1,1
DA:8,1
LF:2
LH:2
BRDA:4,0,0,1
BRDA:4,0,1,0
BRF:2
BRH:1
end_of_record
TN:
SF:src\index.ts
FN:50,(anonymous_1)
FN:54,(anonymous_2)
FNF:2
FNH:2
FNDA:1,(anonymous_1)
FNDA:1,(anonymous_2)
DA:1,1
DA:2,1
DA:3,1
DA:4,1
DA:5,1
DA:6,1
DA:7,1
DA:8,1
DA:9,1
DA:10,1
DA:11,1
DA:12,1
DA:13,1
DA:14,1
DA:16,1
DA:21,1
DA:22,1
DA:24,1
DA:42,1
DA:43,1
DA:44,1
DA:47,1
DA:49,1
DA:50,1
DA:51,1
DA:54,1
DA:55,1
LF:27
LH:27
BRDA:55,0,0,1
BRDA:55,0,1,1
BRF:2
BRH:2
end_of_record
TN:
SF:src\controllers\main.ts
FN:8,(anonymous_1)
FNF:1
FNH:0
FNDA:0,(anonymous_1)
DA:2,1
DA:3,1
DA:6,1
DA:8,1
DA:9,0
DA:13,1
LF:6
LH:5
BRF:0
BRH:0
end_of_record
TN:
SF:src\controllers\user.ts
FN:21,(anonymous_9)
FN:47,(anonymous_11)
FN:71,(anonymous_13)
FNF:3
FNH:0
FNDA:0,(anonymous_9)
FNDA:0,(anonymous_11)
FNDA:0,(anonymous_13)
DA:2,1
DA:3,1
DA:4,1
DA:5,1
DA:6,1
DA:7,1
DA:12,1
DA:18,1
DA:21,1
DA:22,0
DA:23,0
DA:24,0
DA:25,0
DA:34,0
DA:39,0
DA:47,1
DA:48,0
DA:49,0
DA:50,0
DA:55,0
DA:56,0
DA:57,0
DA:59,0
DA:60,0
DA:64,0
DA:71,1
DA:72,0
DA:76,1
LF:28
LH:12
BRDA:55,0,0,0
BRDA:55,0,1,0
BRDA:55,1,0,0
BRDA:55,1,1,0
BRDA:56,2,0,0
BRDA:59,3,0,0
BRDA:59,3,1,0
BRDA:59,4,0,0
BRDA:59,4,1,0
BRF:9
BRH:0
end_of_record
TN:
SF:src\decorator\controller.ts
FN:1,Controller
FN:2,(anonymous_1)
FNF:2
FNH:2
FNDA:2,Controller
FNDA:2,(anonymous_1)
DA:1,1
DA:2,2
DA:3,2
LF:3
LH:3
BRDA:1,0,0,2
BRF:1
BRH:1
end_of_record
TN:
SF:src\decorator\route.ts
FN:4,Route
FN:9,(anonymous_1)
FNF:2
FNH:2
FNDA:4,Route
FNDA:4,(anonymous_1)
DA:4,1
DA:9,4
DA:10,4
DA:12,4
DA:13,4
DA:14,3
DA:16,4
DA:20,4
LF:8
LH:8
BRDA:6,0,0,0
BRDA:12,1,0,4
BRDA:12,1,1,2
BRDA:13,2,0,3
BRDA:16,3,0,0
BRDA:16,3,1,4
BRDA:16,4,0,4
BRDA:16,4,1,4
BRF:8
BRH:6
end_of_record
TN:
SF:src\decorator\validate.ts
FN:4,Validate
FN:5,(anonymous_8)
FN:11,(anonymous_9)
FNF:3
FNH:2
FNDA:2,Validate
FNDA:2,(anonymous_8)
FNDA:0,(anonymous_9)
DA:4,1
DA:5,2
DA:10,2
DA:11,2
DA:16,0
DA:17,0
DA:19,0
DA:21,0
DA:23,2
LF:9
LH:5
BRF:0
BRH:0
end_of_record
TN:
SF:src\lib\prismaClients.ts
FNF:0
FNH:0
DA:1,1
DA:9,1
DA:11,1
DA:13,1
LF:4
LH:4
BRDA:9,0,0,1
BRDA:9,0,1,1
BRDA:11,1,0,0
BRF:3
BRH:2
end_of_record
TN:
SF:src\middlewares\corsHandler.ts
FN:3,corsHandler
FNF:1
FNH:1
FNDA:1,corsHandler
DA:4,1
DA:5,1
DA:9,1
DA:11,1
DA:12,1
DA:13,1
DA:16,1
DA:19,1
LF:8
LH:8
BRDA:11,0,0,1
BRF:1
BRH:1
end_of_record
TN:
SF:src\modules\routes.ts
FN:4,defineRoutes
FN:17,(anonymous_1)
FN:21,(anonymous_2)
FNF:3
FNH:3
FNDA:1,defineRoutes
FNDA:3,(anonymous_1)
FNDA:4,(anonymous_2)
DA:4,1
DA:5,1
DA:6,2
DA:8,2
DA:12,2
DA:16,2
DA:17,2
DA:18,3
DA:19,3
DA:20,3
DA:21,3
DA:22,4
DA:23,4
DA:24,4
DA:25,4
LF:15
LH:15
BRDA:19,0,0,3
BRDA:23,1,0,4
BRF:2
BRH:2
end_of_record
