TN:
SF:src\config.ts
FNF:0
FNH:0
DA:1,1
DA:8,1
LF:2
LH:2
BRDA:4,0,0,1
BRDA:4,0,1,0
BRF:2
BRH:1
end_of_record
TN:
SF:src\index.ts
FN:40,(anonymous_1)
FN:47,(anonymous_2)
FN:51,(anonymous_3)
FNF:3
FNH:2
FNDA:0,(anonymous_1)
FNDA:1,(anonymous_2)
FNDA:1,(anonymous_3)
DA:1,1
DA:2,1
DA:3,1
DA:4,1
DA:5,1
DA:6,1
DA:7,1
DA:8,1
DA:9,1
DA:10,1
DA:12,1
DA:16,1
DA:17,1
DA:19,1
DA:37,1
DA:38,1
DA:39,1
DA:40,1
DA:41,0
DA:46,1
DA:47,1
DA:48,1
DA:51,1
DA:52,1
LF:24
LH:23
BRDA:52,0,0,1
BRDA:52,0,1,1
BRF:2
BRH:2
end_of_record
TN:
SF:src\middlewares\corsHandler.ts
FN:3,corsHandler
FNF:1
FNH:1
FNDA:1,corsHandler
DA:4,1
DA:5,1
DA:9,1
DA:11,1
DA:12,1
DA:13,1
DA:16,1
DA:19,1
LF:8
LH:8
BRDA:11,0,0,1
BRF:1
BRH:1
end_of_record
